<?xml version="1.0" encoding="UTF-8"?>
<!-- Generated by org.testng.reporters.JUnitReportReporter -->
<testsuite hostname="DESKTOP-FI1EJ2S" failures="0" tests="1" name="TestNG_Distribution.Amazon_Distribution" time="44.356" errors="0" timestamp="2023-09-01T10:51:21 IST" skipped="0">
  <testcase classname="TestNG_Distribution.Amazon_Distribution" name="amazon" time="44.356"/>
  <system-out/>
</testsuite> <!-- TestNG_Distribution.Amazon_Distribution -->
