<?xml version="1.0" encoding="UTF-8"?>
<!-- Generated by org.testng.reporters.JUnitReportReporter -->
<testsuite hostname="DESKTOP-FI1EJ2S" failures="0" tests="6" name="TestNG.Priority_Invocation_Enabled" time="0.078" errors="0" timestamp="2023-08-31T19:53:14 IST" skipped="1">
  <testcase classname="TestNG.Priority_Invocation_Enabled" name="demo2" time="0.041"/>
  <system-out/>
  <testcase classname="TestNG.Priority_Invocation_Enabled" name="demo2" time="0.011"/>
  <system-out/>
  <testcase classname="TestNG.Priority_Invocation_Enabled" name="demo3" time="0.012"/>
  <system-out/>
  <testcase classname="TestNG.Priority_Invocation_Enabled" name="demo3" time="0.004"/>
  <system-out/>
  <testcase classname="TestNG.Priority_Invocation_Enabled" name="demo3" time="0.010"/>
  <system-out/>
  <testcase classname="TestNG.Priority_Invocation_Enabled" name="demo1">
    <skipped/>
  </testcase> <!-- demo1 -->
  <system-out/>
</testsuite> <!-- TestNG.Priority_Invocation_Enabled -->
