<?xml version="1.0" encoding="UTF-8"?>
<!-- Generated by org.testng.reporters.JUnitReportReporter -->
<testsuite hostname="DESKTOP-FI1EJ2S" failures="0" tests="1" name="TestNG_Group.Sample2" time="0.170" errors="0" timestamp="2023-09-01T10:27:59 IST" skipped="0">
  <testcase classname="TestNG_Group.Sample2" name="sample2" time="0.170"/>
  <system-out/>
</testsuite> <!-- TestNG_Group.Sample2 -->
