<?xml version="1.0" encoding="UTF-8"?>
<!-- Generated by org.testng.reporters.JUnitReportReporter -->
<testsuite hostname="DESKTOP-FI1EJ2S" failures="0" tests="2" name="TestNG_Annotations.Annotations" time="20.186" errors="0" timestamp="2023-09-02T09:47:36 IST" skipped="0">
  <testcase classname="TestNG_Annotations.Annotations" name="amazon" time="9.185"/>
  <system-out/>
  <testcase classname="TestNG_Annotations.Annotations" name="fb" time="11.001"/>
  <system-out/>
</testsuite> <!-- TestNG_Annotations.Annotations -->
