<?xml version="1.0" encoding="UTF-8"?>
<!-- Generated by org.testng.reporters.JUnitReportReporter -->
<testsuite hostname="DESKTOP-FI1EJ2S" failures="0" tests="3" name="TestNG.TestNG_DataProvider" time="38.927" errors="0" timestamp="2023-09-02T11:23:03 IST" skipped="0">
  <testcase classname="TestNG.TestNG_DataProvider" name="demo" time="17.387"/>
  <testcase classname="TestNG.TestNG_DataProvider" name="demo" time="11.239"/>
  <testcase classname="TestNG.TestNG_DataProvider" name="demo" time="10.301"/>
</testsuite> <!-- TestNG.TestNG_DataProvider -->
