<?xml version="1.0" encoding="UTF-8"?>
<!-- Generated by org.testng.reporters.JUnitReportReporter -->
<testsuite hostname="DESKTOP-FI1EJ2S" failures="0" tests="2" name="practicePrograms.CrossBrowser" time="83.492" errors="0" timestamp="2023-09-07T08:57:45 IST" skipped="0">
  <testcase classname="practicePrograms.CrossBrowser" name="amazon" time="35.370"/>
  <testcase classname="practicePrograms.CrossBrowser" name="amazon" time="48.122"/>
</testsuite> <!-- practicePrograms.CrossBrowser -->
