<?xml version="1.0" encoding="UTF-8"?>
<!-- Generated by org.testng.reporters.JUnitReportReporter -->
<testsuite hostname="DESKTOP-FI1EJ2S" failures="0" tests="2" name="TestNG_Distribution.TestNG_CrossBrowser" time="104.981" errors="0" timestamp="2023-09-01T11:16:43 IST" skipped="0">
  <testcase classname="TestNG_Distribution.TestNG_CrossBrowser" name="crossBrowser" time="50.491"/>
  <system-out/>
  <testcase classname="TestNG_Distribution.TestNG_CrossBrowser" name="crossBrowser" time="54.490"/>
  <system-out/>
</testsuite> <!-- TestNG_Distribution.TestNG_CrossBrowser -->
