<?xml version="1.0" encoding="UTF-8"?>
<!-- Generated by org.testng.reporters.JUnitReportReporter -->
<testsuite hostname="DESKTOP-FI1EJ2S" failures="0" tests="1" name="TestNG_Fail.Facebook" time="14.776" errors="0" timestamp="2023-09-02T10:59:04 IST" skipped="0">
  <testcase classname="TestNG_Fail.Facebook" name="facebook" time="14.776"/>
</testsuite> <!-- TestNG_Fail.Facebook -->
