<?xml version="1.0" encoding="UTF-8"?>
<!-- Generated by org.testng.reporters.JUnitReportReporter -->
<testsuite hostname="DESKTOP-FI1EJ2S" failures="0" tests="1" name="TestNG_Sequential.Facebook_Sequential" time="17.504" errors="0" timestamp="2023-08-31T20:28:14 IST" skipped="0">
  <testcase classname="TestNG_Sequential.Facebook_Sequential" name="fb" time="17.504"/>
  <system-out/>
</testsuite> <!-- TestNG_Sequential.Facebook_Sequential -->
