<?xml version="1.0" encoding="UTF-8"?>
<!-- Generated by org.testng.reporters.JUnitReportReporter -->
<testsuite hostname="DESKTOP-FI1EJ2S" failures="0" tests="2" name="practicePrograms.TestNG_Priority_Invocation_Skip" time="0.040" errors="0" timestamp="2023-09-06T08:48:52 IST" skipped="1">
  <testcase classname="practicePrograms.TestNG_Priority_Invocation_Skip" name="demo1" time="0.040"/>
  <testcase classname="practicePrograms.TestNG_Priority_Invocation_Skip" name="demo2">
    <skipped/>
  </testcase> <!-- demo2 -->
</testsuite> <!-- practicePrograms.TestNG_Priority_Invocation_Skip -->
