<?xml version="1.0" encoding="UTF-8"?>
<!-- Generated by org.testng.reporters.JUnitReportReporter -->
<testsuite hostname="DESKTOP-FI1EJ2S" failures="0" tests="1" name="TestNG.TestNG_Assertions" time="23.729" errors="0" timestamp="2023-09-02T10:34:49 IST" skipped="0">
  <testcase classname="TestNG.TestNG_Assertions" name="asserstions" time="23.729"/>
</testsuite> <!-- TestNG.TestNG_Assertions -->
