<?xml version="1.0" encoding="UTF-8"?>
<!-- Generated by org.testng.reporters.JUnitReportReporter -->
<testsuite hostname="DESKTOP-FI1EJ2S" failures="0" tests="1" name="practicePrograms.Facebook" time="59.789" errors="0" timestamp="2023-09-06T09:29:17 IST" skipped="0">
  <testcase classname="practicePrograms.Facebook" name="facebook" time="59.789"/>
</testsuite> <!-- practicePrograms.Facebook -->
